::1 - - [16/Sep/2025:20:39:01 -0300] "GET / HTTP/1.1" 200 79892
::1 - - [16/Sep/2025:20:39:01 -0300] "GET /style.css HTTP/1.1" 200 3041
::1 - - [16/Sep/2025:20:39:01 -0300] "GET /images/header.png HTTP/1.1" 200 7766
::1 - - [16/Sep/2025:20:39:03 -0300] "GET /images/background.jpg HTTP/1.1" 200 12386
::1 - - [16/Sep/2025:20:39:03 -0300] "GET /images/menuleft.jpg HTTP/1.1" 200 11236
::1 - - [16/Sep/2025:20:39:03 -0300] "GET /images/menu.jpg HTTP/1.1" 200 11219
::1 - - [16/Sep/2025:20:39:03 -0300] "GET /images/menuright.jpg HTTP/1.1" 200 11239
::1 - - [16/Sep/2025:20:39:03 -0300] "GET /images/content.jpg HTTP/1.1" 200 11916
::1 - - [16/Sep/2025:20:39:03 -0300] "GET /images/topcontent.jpg HTTP/1.1" 200 11578
::1 - - [16/Sep/2025:20:39:03 -0300] "GET /images/banner.jpg HTTP/1.1" 200 38149
::1 - - [16/Sep/2025:20:39:04 -0300] "GET /favicon.ico HTTP/1.1" 404 196
::1 - - [16/Sep/2025:20:39:22 -0300] "GET /phpmyadmin HTTP/1.1" 301 241
::1 - - [16/Sep/2025:20:39:22 -0300] "GET /phpmyadmin/ HTTP/1.1" 200 4752
::1 - - [16/Sep/2025:20:39:26 -0300] "GET /phpmyadmin/themes/pmahomme/jquery/jquery-ui.css HTTP/1.1" 200 36566
::1 - - [16/Sep/2025:20:39:26 -0300] "GET /phpmyadmin/js/vendor/codemirror/lib/codemirror.css?v=5.2.2 HTTP/1.1" 200 8720
::1 - - [16/Sep/2025:20:39:26 -0300] "GET /phpmyadmin/js/vendor/codemirror/addon/hint/show-hint.css?v=5.2.2 HTTP/1.1" 200 649
::1 - - [16/Sep/2025:20:39:26 -0300] "GET /phpmyadmin/js/vendor/codemirror/addon/lint/lint.css?v=5.2.2 HTTP/1.1" 200 3035
::1 - - [16/Sep/2025:20:39:26 -0300] "GET /phpmyadmin/themes/pmahomme/css/theme.css?v=5.2.2 HTTP/1.1" 200 401476
::1 - - [16/Sep/2025:20:39:26 -0300] "GET /phpmyadmin/js/vendor/sprintf.js?v=5.2.2 HTTP/1.1" 200 7360
::1 - - [16/Sep/2025:20:39:26 -0300] "GET /phpmyadmin/js/dist/keyhandler.js?v=5.2.2 HTTP/1.1" 200 2059
::1 - - [16/Sep/2025:20:39:26 -0300] "GET /phpmyadmin/js/vendor/jquery/jquery-migrate.min.js?v=5.2.2 HTTP/1.1" 200 13992
::1 - - [16/Sep/2025:20:39:26 -0300] "GET /phpmyadmin/js/vendor/jquery/jquery.min.js?v=5.2.2 HTTP/1.1" 200 87533
::1 - - [16/Sep/2025:20:39:26 -0300] "GET /phpmyadmin/js/dist/name-conflict-fixes.js?v=5.2.2 HTTP/1.1" 200 43
::1 - - [16/Sep/2025:20:39:26 -0300] "GET /phpmyadmin/js/vendor/js.cookie.js?v=5.2.2 HTTP/1.1" 200 3883
::1 - - [16/Sep/2025:20:39:26 -0300] "GET /phpmyadmin/js/dist/ajax.js?v=5.2.2 HTTP/1.1" 200 30022
::1 - - [16/Sep/2025:20:39:26 -0300] "GET /phpmyadmin/js/vendor/bootstrap/bootstrap.bundle.min.js?v=5.2.2 HTTP/1.1" 200 80721
::1 - - [16/Sep/2025:20:39:26 -0300] "GET /phpmyadmin/js/vendor/jquery/jquery.debounce-1.0.6.js?v=5.2.2 HTTP/1.1" 200 1608
::1 - - [16/Sep/2025:20:39:26 -0300] "GET /phpmyadmin/js/dist/menu_resizer.js?v=5.2.2 HTTP/1.1" 200 5729
::1 - - [16/Sep/2025:20:39:26 -0300] "GET /phpmyadmin/js/vendor/jquery/jquery-ui-timepicker-addon.js?v=5.2.2 HTTP/1.1" 200 78475
::1 - - [16/Sep/2025:20:39:26 -0300] "GET /phpmyadmin/js/vendor/jquery/jquery.validate.min.js?v=5.2.2 HTTP/1.1" 200 25308
::1 - - [16/Sep/2025:20:39:26 -0300] "GET /phpmyadmin/js/dist/cross_framing_protection.js?v=5.2.2 HTTP/1.1" 200 405
::1 - - [16/Sep/2025:20:39:26 -0300] "GET /phpmyadmin/js/vendor/jquery/jquery-ui.min.js?v=5.2.2 HTTP/1.1" 200 254963
::1 - - [16/Sep/2025:20:39:26 -0300] "GET /phpmyadmin/js/dist/doclinks.js?v=5.2.2 HTTP/1.1" 200 18276
::1 - - [16/Sep/2025:20:39:26 -0300] "GET /phpmyadmin/js/dist/config.js?v=5.2.2 HTTP/1.1" 200 24059
::1 - - [16/Sep/2025:20:39:26 -0300] "GET /phpmyadmin/js/dist/common.js?v=5.2.2 HTTP/1.1" 200 4530
::1 - - [16/Sep/2025:20:39:26 -0300] "GET /phpmyadmin/js/dist/functions.js?v=5.2.2 HTTP/1.1" 200 149833
::1 - - [16/Sep/2025:20:39:26 -0300] "GET /phpmyadmin/js/dist/indexes.js?v=5.2.2 HTTP/1.1" 200 27180
::1 - - [16/Sep/2025:20:39:26 -0300] "GET /phpmyadmin/js/dist/navigation.js?v=5.2.2 HTTP/1.1" 200 51823
::1 - - [16/Sep/2025:20:39:26 -0300] "GET /phpmyadmin/js/dist/page_settings.js?v=5.2.2 HTTP/1.1" 200 1818
::1 - - [16/Sep/2025:20:39:26 -0300] "GET /phpmyadmin/js/vendor/codemirror/addon/runmode/runmode.js?v=5.2.2 HTTP/1.1" 200 2777
::1 - - [16/Sep/2025:20:39:26 -0300] "GET /phpmyadmin/js/vendor/codemirror/addon/hint/show-hint.js?v=5.2.2 HTTP/1.1" 200 19792
::1 - - [16/Sep/2025:20:39:26 -0300] "GET /phpmyadmin/js/vendor/codemirror/addon/hint/sql-hint.js?v=5.2.2 HTTP/1.1" 200 9560
::1 - - [16/Sep/2025:20:39:26 -0300] "GET /phpmyadmin/js/vendor/codemirror/mode/sql/sql.js?v=5.2.2 HTTP/1.1" 200 59564
::1 - - [16/Sep/2025:20:39:26 -0300] "GET /phpmyadmin/js/vendor/codemirror/addon/lint/lint.js?v=5.2.2 HTTP/1.1" 200 9987
::1 - - [16/Sep/2025:20:39:26 -0300] "GET /phpmyadmin/js/dist/codemirror/addon/lint/sql-lint.js?v=5.2.2 HTTP/1.1" 200 968
::1 - - [16/Sep/2025:20:39:26 -0300] "GET /phpmyadmin/js/vendor/codemirror/lib/codemirror.js?v=5.2.2 HTTP/1.1" 200 401653
::1 - - [16/Sep/2025:20:39:26 -0300] "GET /phpmyadmin/js/dist/error_report.js?v=5.2.2 HTTP/1.1" 200 9264
::1 - - [16/Sep/2025:20:39:26 -0300] "GET /phpmyadmin/js/vendor/tracekit.js?v=5.2.2 HTTP/1.1" 200 48455
::1 - - [16/Sep/2025:20:39:26 -0300] "GET /phpmyadmin/js/dist/drag_drop_import.js?v=5.2.2 HTTP/1.1" 200 12430
::1 - - [16/Sep/2025:20:39:26 -0300] "GET /phpmyadmin/js/dist/shortcuts_handler.js?v=5.2.2 HTTP/1.1" 200 3303
::1 - - [16/Sep/2025:20:39:26 -0300] "GET /phpmyadmin/themes/dot.gif HTTP/1.1" 200 43
::1 - - [16/Sep/2025:20:39:26 -0300] "GET /phpmyadmin/themes/pmahomme/img/logo_right.png HTTP/1.1" 200 4306
::1 - - [16/Sep/2025:20:39:26 -0300] "GET /phpmyadmin/js/dist/console.js?v=5.2.2 HTTP/1.1" 200 49660
::1 - - [16/Sep/2025:20:39:26 -0300] "GET /phpmyadmin/js/messages.php?l=pt_BR&v=5.2.2&lang=pt_BR HTTP/1.1" 200 9209
::1 - - [16/Sep/2025:20:39:28 -0300] "GET /phpmyadmin/favicon.ico HTTP/1.1" 200 22486
::1 - - [16/Sep/2025:20:39:28 -0300] "GET /phpmyadmin/themes/pmahomme/img/b_help.png HTTP/1.1" 200 705
::1 - - [16/Sep/2025:20:39:36 -0300] "POST /phpmyadmin/index.php?route=/ HTTP/1.1" 302 20
::1 - - [16/Sep/2025:20:39:36 -0300] "GET /phpmyadmin/index.php?route=/ HTTP/1.1" 200 17988
::1 - - [16/Sep/2025:20:39:38 -0300] "GET /phpmyadmin/themes/pmahomme/img/logo_left.png HTTP/1.1" 200 2713
::1 - - [16/Sep/2025:20:39:38 -0300] "GET /phpmyadmin/js/dist/home.js?v=5.2.2 HTTP/1.1" 200 5552
::1 - - [16/Sep/2025:20:39:38 -0300] "GET /phpmyadmin/js/messages.php?l=pt_BR&v=5.2.2 HTTP/1.1" 200 9209
::1 - - [16/Sep/2025:20:39:39 -0300] "GET /phpmyadmin/themes/pmahomme/img/b_home.png HTTP/1.1" 200 734
::1 - - [16/Sep/2025:20:39:39 -0300] "GET /phpmyadmin/themes/pmahomme/img/s_loggoff.png HTTP/1.1" 200 626
::1 - - [16/Sep/2025:20:39:39 -0300] "GET /phpmyadmin/themes/pmahomme/img/b_docs.png HTTP/1.1" 200 705
::1 - - [16/Sep/2025:20:39:39 -0300] "GET /phpmyadmin/themes/pmahomme/img/b_sqlhelp.png HTTP/1.1" 200 512
::1 - - [16/Sep/2025:20:39:39 -0300] "GET /phpmyadmin/themes/pmahomme/img/s_cog.png HTTP/1.1" 200 442
::1 - - [16/Sep/2025:20:39:39 -0300] "GET /phpmyadmin/themes/pmahomme/img/s_reload.png HTTP/1.1" 200 527
::1 - - [16/Sep/2025:20:39:39 -0300] "GET /phpmyadmin/themes/pmahomme/img/s_collapseall.png HTTP/1.1" 200 143
::1 - - [16/Sep/2025:20:39:39 -0300] "GET /phpmyadmin/themes/pmahomme/img/s_link.png HTTP/1.1" 200 280
::1 - - [16/Sep/2025:20:39:39 -0300] "GET /phpmyadmin/themes/pmahomme/img/b_newdb.png HTTP/1.1" 200 585
::1 - - [16/Sep/2025:20:39:39 -0300] "GET /phpmyadmin/themes/pmahomme/img/b_plus.png HTTP/1.1" 200 143
::1 - - [16/Sep/2025:20:39:39 -0300] "GET /phpmyadmin/themes/pmahomme/img/s_db.png HTTP/1.1" 200 328
::1 - - [16/Sep/2025:20:39:39 -0300] "GET /phpmyadmin/themes/pmahomme/img/s_host.png HTTP/1.1" 200 591
::1 - - [16/Sep/2025:20:39:39 -0300] "GET /phpmyadmin/themes/pmahomme/img/s_lang.png HTTP/1.1" 200 659
::1 - - [16/Sep/2025:20:39:39 -0300] "GET /phpmyadmin/themes/pmahomme/img/s_passwd.png HTTP/1.1" 200 331
::1 - - [16/Sep/2025:20:39:39 -0300] "GET /phpmyadmin/themes/pmahomme/img/s_attention.png HTTP/1.1" 200 567
::1 - - [16/Sep/2025:20:39:39 -0300] "GET /phpmyadmin/themes/pmahomme/img/s_theme.png HTTP/1.1" 200 772
::1 - - [16/Sep/2025:20:39:39 -0300] "GET /phpmyadmin/themes/pmahomme/img/window-new.png HTTP/1.1" 200 468
::1 - - [16/Sep/2025:20:39:39 -0300] "GET /phpmyadmin/themes/pmahomme/img/b_sql.png HTTP/1.1" 200 680
::1 - - [16/Sep/2025:20:39:39 -0300] "GET /phpmyadmin/themes/pmahomme/img/s_status.png HTTP/1.1" 200 600
::1 - - [16/Sep/2025:20:39:39 -0300] "GET /phpmyadmin/themes/pmahomme/img/s_rights.png HTTP/1.1" 200 461
::1 - - [16/Sep/2025:20:39:39 -0300] "GET /phpmyadmin/themes/pmahomme/img/b_export.png HTTP/1.1" 200 514
::1 - - [16/Sep/2025:20:39:39 -0300] "GET /phpmyadmin/themes/pmahomme/img/s_tbl.png HTTP/1.1" 200 645
::1 - - [16/Sep/2025:20:39:39 -0300] "GET /phpmyadmin/themes/pmahomme/img/b_import.png HTTP/1.1" 200 556
::1 - - [16/Sep/2025:20:39:39 -0300] "GET /phpmyadmin/themes/pmahomme/img/b_tblops.png HTTP/1.1" 200 537
::1 - - [16/Sep/2025:20:39:39 -0300] "GET /phpmyadmin/themes/pmahomme/img/s_replication.png HTTP/1.1" 200 399
::1 - - [16/Sep/2025:20:39:39 -0300] "GET /phpmyadmin/themes/pmahomme/img/s_vars.png HTTP/1.1" 200 523
::1 - - [16/Sep/2025:20:39:39 -0300] "GET /phpmyadmin/themes/pmahomme/img/b_plugin.png HTTP/1.1" 200 512
::1 - - [16/Sep/2025:20:39:39 -0300] "GET /phpmyadmin/themes/pmahomme/img/s_top.png HTTP/1.1" 200 220
::1 - - [16/Sep/2025:20:39:39 -0300] "GET /phpmyadmin/themes/pmahomme/img/s_asci.png HTTP/1.1" 200 148
::1 - - [16/Sep/2025:20:39:39 -0300] "GET /phpmyadmin/themes/pmahomme/img/b_engine.png HTTP/1.1" 200 398
::1 - - [16/Sep/2025:20:39:39 -0300] "GET /phpmyadmin/themes/pmahomme/img/console.png HTTP/1.1" 200 292
::1 - - [16/Sep/2025:20:39:39 -0300] "GET /phpmyadmin/themes/pmahomme/img/b_more.png HTTP/1.1" 200 111
::1 - - [16/Sep/2025:20:39:39 -0300] "POST /phpmyadmin/index.php?route=/version-check HTTP/1.1" 200 48
::1 - - [16/Sep/2025:20:39:39 -0300] "POST /phpmyadmin/index.php?route=/config/get HTTP/1.1" 200 1541
::1 - - [16/Sep/2025:20:39:39 -0300] "POST /phpmyadmin/index.php?route=/navigation&ajax_request=1 HTTP/1.1" 200 2308
::1 - - [16/Sep/2025:20:39:39 -0300] "POST /phpmyadmin/index.php?route=/config/get HTTP/1.1" 200 1634
::1 - - [16/Sep/2025:20:39:39 -0300] "POST /phpmyadmin/index.php?route=/database/structure/favorite-table&ajax_request=1&favorite_table=1&sync_favorite_tables=1 HTTP/1.1" 200 1624
::1 - - [16/Sep/2025:20:39:46 -0300] "POST /phpmyadmin/index.php?route=/config/set HTTP/1.1" 200 1533
