2025-09-07T01:06:50.789419Z 0 [Warning] [MY-010915] [Server] 'NO_ZERO_DATE', 'NO_ZERO_IN_DATE' and 'ERROR_FOR_DIVISION_BY_ZERO' sql modes should be used with strict mode. They will be merged with strict mode in a future release.
2025-09-07T01:06:50.790087Z 0 [System] [MY-010116] [Server] C:\Users\Descon\Pictures\USBWebServer/mysql/bin/mysqld_usbwv8.exe (mysqld 8.0.41) starting as process 17004
2025-09-07T01:06:50.834954Z 1 [System] [MY-013576] [InnoDB] InnoDB initialization has started.
2025-09-07T01:06:51.911922Z 1 [System] [MY-013577] [InnoDB] InnoDB initialization has ended.
2025-09-07T01:06:52.344396Z 0 [System] [MY-010229] [Server] Starting XA crash recovery...
2025-09-07T01:06:52.355438Z 0 [System] [MY-010232] [Server] XA crash recovery finished.
2025-09-07T01:06:52.553544Z 0 [Warning] [MY-010068] [Server] CA certificate ca.pem is self signed.
2025-09-07T01:06:52.554684Z 0 [System] [MY-013602] [Server] Channel mysql_main configured to support TLS. Encrypted connections are now supported for this channel.
2025-09-07T01:06:52.632326Z 0 [System] [MY-011323] [Server] X Plugin ready for connections. Bind-address: '::' port: 33060
2025-09-07T01:06:52.632923Z 0 [System] [MY-010931] [Server] C:\Users\Descon\Pictures\USBWebServer/mysql/bin/mysqld_usbwv8.exe: ready for connections. Version: '8.0.41'  socket: ''  port: 3306  MySQL Community Server - GPL.
2025-09-07T01:07:39.282674Z 8 [Warning] [MY-013360] [Server] Plugin mysql_native_password reported: ''mysql_native_password' is deprecated and will be removed in a future release. Please use caching_sha2_password instead'
2025-09-07T01:23:15.321517Z 0 [Warning] [MY-010915] [Server] 'NO_ZERO_DATE', 'NO_ZERO_IN_DATE' and 'ERROR_FOR_DIVISION_BY_ZERO' sql modes should be used with strict mode. They will be merged with strict mode in a future release.
2025-09-07T01:23:15.322108Z 0 [System] [MY-010116] [Server] C:\Users\Descon\Pictures\USBWebServer/mysql/bin/mysqld_usbwv8.exe (mysqld 8.0.41) starting as process 18516
2025-09-07T01:23:15.354476Z 1 [System] [MY-013576] [InnoDB] InnoDB initialization has started.
2025-09-07T01:23:16.588533Z 1 [System] [MY-013577] [InnoDB] InnoDB initialization has ended.
2025-09-07T01:23:17.171379Z 0 [System] [MY-010229] [Server] Starting XA crash recovery...
2025-09-07T01:23:17.179459Z 0 [System] [MY-010232] [Server] XA crash recovery finished.
2025-09-07T01:23:17.343933Z 0 [Warning] [MY-010068] [Server] CA certificate ca.pem is self signed.
2025-09-07T01:23:17.345499Z 0 [System] [MY-013602] [Server] Channel mysql_main configured to support TLS. Encrypted connections are now supported for this channel.
2025-09-07T01:23:17.427369Z 0 [System] [MY-011323] [Server] X Plugin ready for connections. Bind-address: '::' port: 33060
2025-09-07T01:23:17.427529Z 0 [System] [MY-010931] [Server] C:\Users\Descon\Pictures\USBWebServer/mysql/bin/mysqld_usbwv8.exe: ready for connections. Version: '8.0.41'  socket: ''  port: 3306  MySQL Community Server - GPL.
2025-09-07T01:27:01.305768Z 0 [Warning] [MY-010915] [Server] 'NO_ZERO_DATE', 'NO_ZERO_IN_DATE' and 'ERROR_FOR_DIVISION_BY_ZERO' sql modes should be used with strict mode. They will be merged with strict mode in a future release.
2025-09-07T01:27:01.306368Z 0 [System] [MY-010116] [Server] C:\Users\Descon\Pictures\USBWebServer/mysql/bin/mysqld_usbwv8.exe (mysqld 8.0.41) starting as process 18720
2025-09-07T01:27:01.339154Z 1 [System] [MY-013576] [InnoDB] InnoDB initialization has started.
2025-09-07T01:27:02.402291Z 1 [System] [MY-013577] [InnoDB] InnoDB initialization has ended.
2025-09-07T01:27:02.885247Z 0 [System] [MY-010229] [Server] Starting XA crash recovery...
2025-09-07T01:27:02.894108Z 0 [System] [MY-010232] [Server] XA crash recovery finished.
2025-09-07T01:27:03.071341Z 0 [Warning] [MY-010068] [Server] CA certificate ca.pem is self signed.
2025-09-07T01:27:03.072638Z 0 [System] [MY-013602] [Server] Channel mysql_main configured to support TLS. Encrypted connections are now supported for this channel.
2025-09-07T01:27:03.158179Z 0 [System] [MY-011323] [Server] X Plugin ready for connections. Bind-address: '::' port: 33060
2025-09-07T01:27:03.158378Z 0 [System] [MY-010931] [Server] C:\Users\Descon\Pictures\USBWebServer/mysql/bin/mysqld_usbwv8.exe: ready for connections. Version: '8.0.41'  socket: ''  port: 3306  MySQL Community Server - GPL.
2025-09-07T01:31:55.573497Z 0 [Warning] [MY-010915] [Server] 'NO_ZERO_DATE', 'NO_ZERO_IN_DATE' and 'ERROR_FOR_DIVISION_BY_ZERO' sql modes should be used with strict mode. They will be merged with strict mode in a future release.
2025-09-07T01:31:55.574155Z 0 [System] [MY-010116] [Server] C:\Users\Descon\Pictures\USBWebServer/mysql/bin/mysqld_usbwv8.exe (mysqld 8.0.41) starting as process 18256
2025-09-07T01:31:55.612143Z 1 [System] [MY-013576] [InnoDB] InnoDB initialization has started.
2025-09-07T01:31:56.847104Z 1 [System] [MY-013577] [InnoDB] InnoDB initialization has ended.
2025-09-07T01:31:57.328138Z 0 [System] [MY-010229] [Server] Starting XA crash recovery...
2025-09-07T01:31:57.341244Z 0 [System] [MY-010232] [Server] XA crash recovery finished.
2025-09-07T01:31:57.501081Z 0 [Warning] [MY-010068] [Server] CA certificate ca.pem is self signed.
2025-09-07T01:31:57.502464Z 0 [System] [MY-013602] [Server] Channel mysql_main configured to support TLS. Encrypted connections are now supported for this channel.
2025-09-07T01:31:57.582074Z 0 [System] [MY-011323] [Server] X Plugin ready for connections. Bind-address: '::' port: 33060
2025-09-07T01:31:57.582286Z 0 [System] [MY-010931] [Server] C:\Users\Descon\Pictures\USBWebServer/mysql/bin/mysqld_usbwv8.exe: ready for connections. Version: '8.0.41'  socket: ''  port: 3306  MySQL Community Server - GPL.
2025-09-07T01:33:43.182205Z 0 [Warning] [MY-010915] [Server] 'NO_ZERO_DATE', 'NO_ZERO_IN_DATE' and 'ERROR_FOR_DIVISION_BY_ZERO' sql modes should be used with strict mode. They will be merged with strict mode in a future release.
2025-09-07T01:33:43.182825Z 0 [System] [MY-010116] [Server] C:\Users\Descon\Pictures\USBWebServer/mysql/bin/mysqld_usbwv8.exe (mysqld 8.0.41) starting as process 19100
2025-09-07T01:33:43.219254Z 1 [System] [MY-013576] [InnoDB] InnoDB initialization has started.
2025-09-07T01:33:44.423709Z 1 [System] [MY-013577] [InnoDB] InnoDB initialization has ended.
2025-09-07T01:33:44.872539Z 0 [System] [MY-010229] [Server] Starting XA crash recovery...
2025-09-07T01:33:44.880606Z 0 [System] [MY-010232] [Server] XA crash recovery finished.
2025-09-07T01:33:45.140736Z 0 [Warning] [MY-010068] [Server] CA certificate ca.pem is self signed.
2025-09-07T01:33:45.142527Z 0 [System] [MY-013602] [Server] Channel mysql_main configured to support TLS. Encrypted connections are now supported for this channel.
2025-09-07T01:33:45.221633Z 0 [System] [MY-011323] [Server] X Plugin ready for connections. Bind-address: '::' port: 33060
2025-09-07T01:33:45.221937Z 0 [System] [MY-010931] [Server] C:\Users\Descon\Pictures\USBWebServer/mysql/bin/mysqld_usbwv8.exe: ready for connections. Version: '8.0.41'  socket: ''  port: 3306  MySQL Community Server - GPL.
2025-09-07T01:39:33.570887Z 0 [Warning] [MY-010915] [Server] 'NO_ZERO_DATE', 'NO_ZERO_IN_DATE' and 'ERROR_FOR_DIVISION_BY_ZERO' sql modes should be used with strict mode. They will be merged with strict mode in a future release.
2025-09-07T01:39:33.571491Z 0 [System] [MY-010116] [Server] C:\Users\Descon\Pictures\USBWebServer/mysql/bin/mysqld_usbwv8.exe (mysqld 8.0.41) starting as process 9524
2025-09-07T01:39:33.606719Z 1 [System] [MY-013576] [InnoDB] InnoDB initialization has started.
2025-09-07T01:39:34.826826Z 1 [System] [MY-013577] [InnoDB] InnoDB initialization has ended.
2025-09-07T01:39:35.336209Z 0 [System] [MY-010229] [Server] Starting XA crash recovery...
2025-09-07T01:39:35.349522Z 0 [System] [MY-010232] [Server] XA crash recovery finished.
2025-09-07T01:39:35.504726Z 0 [Warning] [MY-010068] [Server] CA certificate ca.pem is self signed.
2025-09-07T01:39:35.506064Z 0 [System] [MY-013602] [Server] Channel mysql_main configured to support TLS. Encrypted connections are now supported for this channel.
2025-09-07T01:39:35.583739Z 0 [System] [MY-011323] [Server] X Plugin ready for connections. Bind-address: '::' port: 33060
2025-09-07T01:39:35.584120Z 0 [System] [MY-010931] [Server] C:\Users\Descon\Pictures\USBWebServer/mysql/bin/mysqld_usbwv8.exe: ready for connections. Version: '8.0.41'  socket: ''  port: 3306  MySQL Community Server - GPL.
2025-09-07T01:40:21.915496Z 0 [Warning] [MY-010915] [Server] 'NO_ZERO_DATE', 'NO_ZERO_IN_DATE' and 'ERROR_FOR_DIVISION_BY_ZERO' sql modes should be used with strict mode. They will be merged with strict mode in a future release.
2025-09-07T01:40:21.916083Z 0 [System] [MY-010116] [Server] C:\Users\Descon\Pictures\USBWebServer/mysql/bin/mysqld_usbwv8.exe (mysqld 8.0.41) starting as process 2964
2025-09-07T01:40:21.948310Z 1 [System] [MY-013576] [InnoDB] InnoDB initialization has started.
2025-09-07T01:40:23.176725Z 1 [System] [MY-013577] [InnoDB] InnoDB initialization has ended.
2025-09-07T01:40:23.656873Z 0 [System] [MY-010229] [Server] Starting XA crash recovery...
2025-09-07T01:40:23.671061Z 0 [System] [MY-010232] [Server] XA crash recovery finished.
2025-09-07T01:40:23.843991Z 0 [Warning] [MY-010068] [Server] CA certificate ca.pem is self signed.
2025-09-07T01:40:23.845291Z 0 [System] [MY-013602] [Server] Channel mysql_main configured to support TLS. Encrypted connections are now supported for this channel.
2025-09-07T01:40:23.923699Z 0 [System] [MY-011323] [Server] X Plugin ready for connections. Bind-address: '::' port: 33060
2025-09-07T01:40:23.923911Z 0 [System] [MY-010931] [Server] C:\Users\Descon\Pictures\USBWebServer/mysql/bin/mysqld_usbwv8.exe: ready for connections. Version: '8.0.41'  socket: ''  port: 3306  MySQL Community Server - GPL.
2025-09-07T01:48:09.987310Z 0 [Warning] [MY-010915] [Server] 'NO_ZERO_DATE', 'NO_ZERO_IN_DATE' and 'ERROR_FOR_DIVISION_BY_ZERO' sql modes should be used with strict mode. They will be merged with strict mode in a future release.
2025-09-07T01:48:09.987972Z 0 [System] [MY-010116] [Server] C:\Users\Descon\Pictures\USBWebServer/mysql/bin/mysqld_usbwv8.exe (mysqld 8.0.41) starting as process 9188
2025-09-07T01:48:10.025638Z 1 [System] [MY-013576] [InnoDB] InnoDB initialization has started.
2025-09-07T01:48:11.186040Z 1 [System] [MY-013577] [InnoDB] InnoDB initialization has ended.
2025-09-07T01:48:11.689305Z 0 [System] [MY-010229] [Server] Starting XA crash recovery...
2025-09-07T01:48:11.701671Z 0 [System] [MY-010232] [Server] XA crash recovery finished.
2025-09-07T01:48:11.867446Z 0 [Warning] [MY-010068] [Server] CA certificate ca.pem is self signed.
2025-09-07T01:48:11.868842Z 0 [System] [MY-013602] [Server] Channel mysql_main configured to support TLS. Encrypted connections are now supported for this channel.
2025-09-07T01:48:11.937552Z 0 [System] [MY-011323] [Server] X Plugin ready for connections. Bind-address: '::' port: 33060
2025-09-07T01:48:11.937668Z 0 [System] [MY-010931] [Server] C:\Users\Descon\Pictures\USBWebServer/mysql/bin/mysqld_usbwv8.exe: ready for connections. Version: '8.0.41'  socket: ''  port: 3306  MySQL Community Server - GPL.
2025-09-07T01:49:38.571932Z 0 [Warning] [MY-010915] [Server] 'NO_ZERO_DATE', 'NO_ZERO_IN_DATE' and 'ERROR_FOR_DIVISION_BY_ZERO' sql modes should be used with strict mode. They will be merged with strict mode in a future release.
2025-09-07T01:49:38.572442Z 0 [System] [MY-010116] [Server] C:\Users\Descon\Pictures\USBWebServer/mysql/bin/mysqld_usbwv8.exe (mysqld 8.0.41) starting as process 7624
2025-09-07T01:49:38.602686Z 1 [System] [MY-013576] [InnoDB] InnoDB initialization has started.
2025-09-07T01:49:39.784391Z 1 [System] [MY-013577] [InnoDB] InnoDB initialization has ended.
2025-09-07T01:49:40.218513Z 0 [System] [MY-010229] [Server] Starting XA crash recovery...
2025-09-07T01:49:40.229949Z 0 [System] [MY-010232] [Server] XA crash recovery finished.
2025-09-07T01:49:40.386938Z 0 [Warning] [MY-010068] [Server] CA certificate ca.pem is self signed.
2025-09-07T01:49:40.388068Z 0 [System] [MY-013602] [Server] Channel mysql_main configured to support TLS. Encrypted connections are now supported for this channel.
2025-09-07T01:49:40.459855Z 0 [System] [MY-011323] [Server] X Plugin ready for connections. Bind-address: '::' port: 33060
2025-09-07T01:49:40.460018Z 0 [System] [MY-010931] [Server] C:\Users\Descon\Pictures\USBWebServer/mysql/bin/mysqld_usbwv8.exe: ready for connections. Version: '8.0.41'  socket: ''  port: 3306  MySQL Community Server - GPL.
2025-09-07T01:51:00.250563Z 0 [Warning] [MY-010915] [Server] 'NO_ZERO_DATE', 'NO_ZERO_IN_DATE' and 'ERROR_FOR_DIVISION_BY_ZERO' sql modes should be used with strict mode. They will be merged with strict mode in a future release.
2025-09-07T01:51:00.251078Z 0 [System] [MY-010116] [Server] C:\Users\Descon\Pictures\USBWebServer/mysql/bin/mysqld_usbwv8.exe (mysqld 8.0.41) starting as process 9248
2025-09-07T01:51:00.288400Z 1 [System] [MY-013576] [InnoDB] InnoDB initialization has started.
2025-09-07T01:51:01.433810Z 1 [System] [MY-013577] [InnoDB] InnoDB initialization has ended.
2025-09-07T01:51:01.950757Z 0 [System] [MY-010229] [Server] Starting XA crash recovery...
2025-09-07T01:51:01.968900Z 0 [System] [MY-010232] [Server] XA crash recovery finished.
2025-09-07T01:51:02.125964Z 0 [Warning] [MY-010068] [Server] CA certificate ca.pem is self signed.
2025-09-07T01:51:02.127942Z 0 [System] [MY-013602] [Server] Channel mysql_main configured to support TLS. Encrypted connections are now supported for this channel.
2025-09-07T01:51:02.204703Z 0 [System] [MY-011323] [Server] X Plugin ready for connections. Bind-address: '::' port: 33060
2025-09-07T01:51:02.204797Z 0 [System] [MY-010931] [Server] C:\Users\Descon\Pictures\USBWebServer/mysql/bin/mysqld_usbwv8.exe: ready for connections. Version: '8.0.41'  socket: ''  port: 3306  MySQL Community Server - GPL.
2025-09-07T01:51:25.719074Z 0 [Warning] [MY-010915] [Server] 'NO_ZERO_DATE', 'NO_ZERO_IN_DATE' and 'ERROR_FOR_DIVISION_BY_ZERO' sql modes should be used with strict mode. They will be merged with strict mode in a future release.
2025-09-07T01:51:25.719667Z 0 [System] [MY-010116] [Server] C:\Users\Descon\Pictures\USBWebServer/mysql/bin/mysqld_usbwv8.exe (mysqld 8.0.41) starting as process 4456
2025-09-07T01:51:25.757320Z 1 [System] [MY-013576] [InnoDB] InnoDB initialization has started.
2025-09-07T01:51:27.003933Z 1 [System] [MY-013577] [InnoDB] InnoDB initialization has ended.
2025-09-07T01:51:27.474867Z 0 [System] [MY-010229] [Server] Starting XA crash recovery...
2025-09-07T01:51:27.487638Z 0 [System] [MY-010232] [Server] XA crash recovery finished.
2025-09-07T01:51:27.664898Z 0 [Warning] [MY-010068] [Server] CA certificate ca.pem is self signed.
2025-09-07T01:51:27.666007Z 0 [System] [MY-013602] [Server] Channel mysql_main configured to support TLS. Encrypted connections are now supported for this channel.
2025-09-07T01:51:27.735132Z 0 [System] [MY-011323] [Server] X Plugin ready for connections. Bind-address: '::' port: 33060
2025-09-07T01:51:27.735336Z 0 [System] [MY-010931] [Server] C:\Users\Descon\Pictures\USBWebServer/mysql/bin/mysqld_usbwv8.exe: ready for connections. Version: '8.0.41'  socket: ''  port: 3306  MySQL Community Server - GPL.
2025-09-07T01:53:23.691075Z 0 [Warning] [MY-010915] [Server] 'NO_ZERO_DATE', 'NO_ZERO_IN_DATE' and 'ERROR_FOR_DIVISION_BY_ZERO' sql modes should be used with strict mode. They will be merged with strict mode in a future release.
2025-09-07T01:53:23.691626Z 0 [System] [MY-010116] [Server] C:\Users\Descon\Pictures\USBWebServer/mysql/bin/mysqld_usbwv8.exe (mysqld 8.0.41) starting as process 2368
2025-09-07T01:53:23.727346Z 1 [System] [MY-013576] [InnoDB] InnoDB initialization has started.
2025-09-07T01:53:23.732039Z 1 [ERROR] [MY-012271] [InnoDB] The innodb_system data file 'ibdata1' must be writable
2025-09-07T01:53:23.733467Z 1 [ERROR] [MY-012278] [InnoDB] The innodb_system data file 'ibdata1' must be writable
2025-09-07T01:53:23.734863Z 1 [ERROR] [MY-010334] [Server] Failed to initialize DD Storage Engine
2025-09-07T01:53:23.737499Z 0 [ERROR] [MY-010020] [Server] Data Dictionary initialization failed.
2025-09-07T01:53:23.738726Z 0 [ERROR] [MY-010119] [Server] Aborting
2025-09-07T01:53:23.744581Z 0 [System] [MY-010910] [Server] C:\Users\Descon\Pictures\USBWebServer/mysql/bin/mysqld_usbwv8.exe: Shutdown complete (mysqld 8.0.41)  MySQL Community Server - GPL.
2025-09-07T01:53:42.557321Z 0 [Warning] [MY-010915] [Server] 'NO_ZERO_DATE', 'NO_ZERO_IN_DATE' and 'ERROR_FOR_DIVISION_BY_ZERO' sql modes should be used with strict mode. They will be merged with strict mode in a future release.
2025-09-07T01:53:42.557895Z 0 [System] [MY-010116] [Server] C:\Users\Descon\Pictures\USBWebServer/mysql/bin/mysqld_usbwv8.exe (mysqld 8.0.41) starting as process 8300
2025-09-07T01:53:42.589429Z 1 [System] [MY-013576] [InnoDB] InnoDB initialization has started.
2025-09-07T01:53:43.739906Z 1 [System] [MY-013577] [InnoDB] InnoDB initialization has ended.
2025-09-07T01:53:44.355617Z 0 [System] [MY-010229] [Server] Starting XA crash recovery...
2025-09-07T01:53:44.362961Z 0 [System] [MY-010232] [Server] XA crash recovery finished.
2025-09-07T01:53:44.532015Z 0 [Warning] [MY-010068] [Server] CA certificate ca.pem is self signed.
2025-09-07T01:53:44.533571Z 0 [System] [MY-013602] [Server] Channel mysql_main configured to support TLS. Encrypted connections are now supported for this channel.
2025-09-07T01:53:44.660970Z 0 [System] [MY-011323] [Server] X Plugin ready for connections. Bind-address: '::' port: 33060
2025-09-07T01:53:44.661116Z 0 [System] [MY-010931] [Server] C:\Users\Descon\Pictures\USBWebServer/mysql/bin/mysqld_usbwv8.exe: ready for connections. Version: '8.0.41'  socket: ''  port: 3306  MySQL Community Server - GPL.
2025-09-16T22:54:59.829981Z 0 [Warning] [MY-010915] [Server] 'NO_ZERO_DATE', 'NO_ZERO_IN_DATE' and 'ERROR_FOR_DIVISION_BY_ZERO' sql modes should be used with strict mode. They will be merged with strict mode in a future release.
2025-09-16T22:54:59.830597Z 0 [System] [MY-010116] [Server] C:\Users\Descon\Pictures\USBWebServer/mysql/bin/mysqld_usbwv8.exe (mysqld 8.0.41) starting as process 6592
2025-09-16T22:54:59.951508Z 1 [System] [MY-013576] [InnoDB] InnoDB initialization has started.
2025-09-16T22:55:01.351061Z 1 [System] [MY-013577] [InnoDB] InnoDB initialization has ended.
2025-09-16T22:55:01.820740Z 0 [System] [MY-010229] [Server] Starting XA crash recovery...
2025-09-16T22:55:01.827270Z 0 [System] [MY-010232] [Server] XA crash recovery finished.
2025-09-16T22:55:02.024045Z 0 [Warning] [MY-010068] [Server] CA certificate ca.pem is self signed.
2025-09-16T22:55:02.025159Z 0 [System] [MY-013602] [Server] Channel mysql_main configured to support TLS. Encrypted connections are now supported for this channel.
2025-09-16T22:55:02.093200Z 0 [System] [MY-011323] [Server] X Plugin ready for connections. Bind-address: '::' port: 33060
2025-09-16T22:55:02.093391Z 0 [System] [MY-010931] [Server] C:\Users\Descon\Pictures\USBWebServer/mysql/bin/mysqld_usbwv8.exe: ready for connections. Version: '8.0.41'  socket: ''  port: 3306  MySQL Community Server - GPL.
2025-09-16T22:56:46.900088Z 0 [Warning] [MY-010915] [Server] 'NO_ZERO_DATE', 'NO_ZERO_IN_DATE' and 'ERROR_FOR_DIVISION_BY_ZERO' sql modes should be used with strict mode. They will be merged with strict mode in a future release.
2025-09-16T22:56:46.900661Z 0 [System] [MY-010116] [Server] C:\Users\Descon\Pictures\USBWebServer/mysql/bin/mysqld_usbwv8.exe (mysqld 8.0.41) starting as process 4188
2025-09-16T22:56:46.984935Z 1 [System] [MY-013576] [InnoDB] InnoDB initialization has started.
2025-09-16T22:56:48.300863Z 1 [System] [MY-013577] [InnoDB] InnoDB initialization has ended.
2025-09-16T22:56:48.888294Z 0 [System] [MY-010229] [Server] Starting XA crash recovery...
2025-09-16T22:56:48.896043Z 0 [System] [MY-010232] [Server] XA crash recovery finished.
2025-09-16T22:56:49.077565Z 0 [Warning] [MY-010068] [Server] CA certificate ca.pem is self signed.
2025-09-16T22:56:49.078876Z 0 [System] [MY-013602] [Server] Channel mysql_main configured to support TLS. Encrypted connections are now supported for this channel.
2025-09-16T22:56:49.145718Z 0 [System] [MY-011323] [Server] X Plugin ready for connections. Bind-address: '::' port: 33060
2025-09-16T22:56:49.146149Z 0 [System] [MY-010931] [Server] C:\Users\Descon\Pictures\USBWebServer/mysql/bin/mysqld_usbwv8.exe: ready for connections. Version: '8.0.41'  socket: ''  port: 3306  MySQL Community Server - GPL.
2025-09-16T22:57:56.560575Z 0 [Warning] [MY-010915] [Server] 'NO_ZERO_DATE', 'NO_ZERO_IN_DATE' and 'ERROR_FOR_DIVISION_BY_ZERO' sql modes should be used with strict mode. They will be merged with strict mode in a future release.
2025-09-16T22:57:56.561163Z 0 [System] [MY-010116] [Server] C:\Users\Descon\Pictures\USBWebServer/mysql/bin/mysqld_usbwv8.exe (mysqld 8.0.41) starting as process 10708
2025-09-16T22:57:56.631676Z 1 [System] [MY-013576] [InnoDB] InnoDB initialization has started.
2025-09-16T22:57:57.854821Z 1 [System] [MY-013577] [InnoDB] InnoDB initialization has ended.
2025-09-16T22:57:58.361644Z 0 [System] [MY-010229] [Server] Starting XA crash recovery...
2025-09-16T22:57:58.368730Z 0 [System] [MY-010232] [Server] XA crash recovery finished.
2025-09-16T22:57:58.520676Z 0 [Warning] [MY-010068] [Server] CA certificate ca.pem is self signed.
2025-09-16T22:57:58.521774Z 0 [System] [MY-013602] [Server] Channel mysql_main configured to support TLS. Encrypted connections are now supported for this channel.
2025-09-16T22:57:58.580439Z 0 [System] [MY-011323] [Server] X Plugin ready for connections. Bind-address: '::' port: 33060
2025-09-16T22:57:58.580656Z 0 [System] [MY-010931] [Server] C:\Users\Descon\Pictures\USBWebServer/mysql/bin/mysqld_usbwv8.exe: ready for connections. Version: '8.0.41'  socket: ''  port: 3306  MySQL Community Server - GPL.
2025-09-16T23:03:09.360073Z 0 [Warning] [MY-010915] [Server] 'NO_ZERO_DATE', 'NO_ZERO_IN_DATE' and 'ERROR_FOR_DIVISION_BY_ZERO' sql modes should be used with strict mode. They will be merged with strict mode in a future release.
2025-09-16T23:03:09.360594Z 0 [System] [MY-010116] [Server] C:\Users\Descon\Pictures\USBWebServer/mysql/bin/mysqld_usbwv8.exe (mysqld 8.0.41) starting as process 19672
2025-09-16T23:03:09.388517Z 1 [System] [MY-013576] [InnoDB] InnoDB initialization has started.
2025-09-16T23:03:10.623267Z 1 [System] [MY-013577] [InnoDB] InnoDB initialization has ended.
2025-09-16T23:03:11.167810Z 0 [System] [MY-010229] [Server] Starting XA crash recovery...
2025-09-16T23:03:11.177927Z 0 [System] [MY-010232] [Server] XA crash recovery finished.
2025-09-16T23:03:11.345124Z 0 [Warning] [MY-010068] [Server] CA certificate ca.pem is self signed.
2025-09-16T23:03:11.346390Z 0 [System] [MY-013602] [Server] Channel mysql_main configured to support TLS. Encrypted connections are now supported for this channel.
2025-09-16T23:03:11.412038Z 0 [System] [MY-011323] [Server] X Plugin ready for connections. Bind-address: '::' port: 33060
2025-09-16T23:03:11.412257Z 0 [System] [MY-010931] [Server] C:\Users\Descon\Pictures\USBWebServer/mysql/bin/mysqld_usbwv8.exe: ready for connections. Version: '8.0.41'  socket: ''  port: 3306  MySQL Community Server - GPL.
2025-09-16T23:04:18.635335Z 0 [Warning] [MY-010915] [Server] 'NO_ZERO_DATE', 'NO_ZERO_IN_DATE' and 'ERROR_FOR_DIVISION_BY_ZERO' sql modes should be used with strict mode. They will be merged with strict mode in a future release.
2025-09-16T23:04:18.635918Z 0 [System] [MY-010116] [Server] C:\Users\Descon\Pictures\USBWebServer/mysql/bin/mysqld_usbwv8.exe (mysqld 8.0.41) starting as process 19404
2025-09-16T23:04:18.670093Z 1 [System] [MY-013576] [InnoDB] InnoDB initialization has started.
2025-09-16T23:04:20.026262Z 1 [System] [MY-013577] [InnoDB] InnoDB initialization has ended.
2025-09-16T23:04:20.576825Z 0 [System] [MY-010229] [Server] Starting XA crash recovery...
2025-09-16T23:04:20.585285Z 0 [System] [MY-010232] [Server] XA crash recovery finished.
2025-09-16T23:04:20.752837Z 0 [Warning] [MY-010068] [Server] CA certificate ca.pem is self signed.
2025-09-16T23:04:20.754149Z 0 [System] [MY-013602] [Server] Channel mysql_main configured to support TLS. Encrypted connections are now supported for this channel.
2025-09-16T23:04:20.819498Z 0 [System] [MY-011323] [Server] X Plugin ready for connections. Bind-address: '::' port: 33060
2025-09-16T23:04:20.819670Z 0 [System] [MY-010931] [Server] C:\Users\Descon\Pictures\USBWebServer/mysql/bin/mysqld_usbwv8.exe: ready for connections. Version: '8.0.41'  socket: ''  port: 3306  MySQL Community Server - GPL.
2025-09-16T23:20:01.807764Z 0 [Warning] [MY-010915] [Server] 'NO_ZERO_DATE', 'NO_ZERO_IN_DATE' and 'ERROR_FOR_DIVISION_BY_ZERO' sql modes should be used with strict mode. They will be merged with strict mode in a future release.
2025-09-16T23:20:01.808373Z 0 [System] [MY-010116] [Server] C:\Users\Descon\Pictures\USBWebServer/mysql/bin/mysqld_usbwv8.exe (mysqld 8.0.41) starting as process 21076
2025-09-16T23:20:01.860869Z 1 [System] [MY-013576] [InnoDB] InnoDB initialization has started.
2025-09-16T23:20:03.332067Z 1 [System] [MY-013577] [InnoDB] InnoDB initialization has ended.
2025-09-16T23:20:03.895613Z 0 [System] [MY-010229] [Server] Starting XA crash recovery...
2025-09-16T23:20:03.911157Z 0 [System] [MY-010232] [Server] XA crash recovery finished.
2025-09-16T23:20:04.076540Z 0 [Warning] [MY-010068] [Server] CA certificate ca.pem is self signed.
2025-09-16T23:20:04.077805Z 0 [System] [MY-013602] [Server] Channel mysql_main configured to support TLS. Encrypted connections are now supported for this channel.
2025-09-16T23:20:04.144614Z 0 [System] [MY-011323] [Server] X Plugin ready for connections. Bind-address: '::' port: 33060
2025-09-16T23:20:04.144831Z 0 [System] [MY-010931] [Server] C:\Users\Descon\Pictures\USBWebServer/mysql/bin/mysqld_usbwv8.exe: ready for connections. Version: '8.0.41'  socket: ''  port: 3306  MySQL Community Server - GPL.
2025-09-16T23:27:27.822847Z 0 [Warning] [MY-010915] [Server] 'NO_ZERO_DATE', 'NO_ZERO_IN_DATE' and 'ERROR_FOR_DIVISION_BY_ZERO' sql modes should be used with strict mode. They will be merged with strict mode in a future release.
2025-09-16T23:27:27.823427Z 0 [System] [MY-010116] [Server] C:\Users\Descon\Pictures\USBWebServer/mysql/bin/mysqld_usbwv8.exe (mysqld 8.0.41) starting as process 20660
2025-09-16T23:27:27.856117Z 1 [System] [MY-013576] [InnoDB] InnoDB initialization has started.
2025-09-16T23:27:29.253242Z 1 [System] [MY-013577] [InnoDB] InnoDB initialization has ended.
2025-09-16T23:27:29.783272Z 0 [System] [MY-010229] [Server] Starting XA crash recovery...
2025-09-16T23:27:29.797502Z 0 [System] [MY-010232] [Server] XA crash recovery finished.
2025-09-16T23:27:29.963368Z 0 [Warning] [MY-010068] [Server] CA certificate ca.pem is self signed.
2025-09-16T23:27:29.964827Z 0 [System] [MY-013602] [Server] Channel mysql_main configured to support TLS. Encrypted connections are now supported for this channel.
2025-09-16T23:27:30.033365Z 0 [System] [MY-011323] [Server] X Plugin ready for connections. Bind-address: '::' port: 33060
2025-09-16T23:27:30.033527Z 0 [System] [MY-010931] [Server] C:\Users\Descon\Pictures\USBWebServer/mysql/bin/mysqld_usbwv8.exe: ready for connections. Version: '8.0.41'  socket: ''  port: 3306  MySQL Community Server - GPL.
2025-09-16T23:29:02.180982Z 0 [Warning] [MY-010915] [Server] 'NO_ZERO_DATE', 'NO_ZERO_IN_DATE' and 'ERROR_FOR_DIVISION_BY_ZERO' sql modes should be used with strict mode. They will be merged with strict mode in a future release.
2025-09-16T23:29:02.181520Z 0 [System] [MY-010116] [Server] C:\Users\Descon\Pictures\USBWebServer/mysql/bin/mysqld_usbwv8.exe (mysqld 8.0.41) starting as process 10056
2025-09-16T23:29:02.215750Z 1 [System] [MY-013576] [InnoDB] InnoDB initialization has started.
2025-09-16T23:29:03.532626Z 1 [System] [MY-013577] [InnoDB] InnoDB initialization has ended.
2025-09-16T23:29:04.005150Z 0 [System] [MY-010229] [Server] Starting XA crash recovery...
2025-09-16T23:29:04.019040Z 0 [System] [MY-010232] [Server] XA crash recovery finished.
2025-09-16T23:29:04.185187Z 0 [Warning] [MY-010068] [Server] CA certificate ca.pem is self signed.
2025-09-16T23:29:04.186479Z 0 [System] [MY-013602] [Server] Channel mysql_main configured to support TLS. Encrypted connections are now supported for this channel.
2025-09-16T23:29:04.252354Z 0 [System] [MY-011323] [Server] X Plugin ready for connections. Bind-address: '::' port: 33060
2025-09-16T23:29:04.252541Z 0 [System] [MY-010931] [Server] C:\Users\Descon\Pictures\USBWebServer/mysql/bin/mysqld_usbwv8.exe: ready for connections. Version: '8.0.41'  socket: ''  port: 3306  MySQL Community Server - GPL.
2025-09-16T23:38:50.123268Z 0 [Warning] [MY-010915] [Server] 'NO_ZERO_DATE', 'NO_ZERO_IN_DATE' and 'ERROR_FOR_DIVISION_BY_ZERO' sql modes should be used with strict mode. They will be merged with strict mode in a future release.
2025-09-16T23:38:50.123869Z 0 [System] [MY-010116] [Server] C:\Users\Descon\Pictures\USBWebServer/mysql/bin/mysqld_usbwv8.exe (mysqld 8.0.41) starting as process 2128
2025-09-16T23:38:50.159805Z 1 [System] [MY-013576] [InnoDB] InnoDB initialization has started.
2025-09-16T23:38:51.778061Z 1 [System] [MY-013577] [InnoDB] InnoDB initialization has ended.
2025-09-16T23:38:52.307283Z 0 [System] [MY-010229] [Server] Starting XA crash recovery...
2025-09-16T23:38:52.323397Z 0 [System] [MY-010232] [Server] XA crash recovery finished.
2025-09-16T23:38:52.482013Z 0 [Warning] [MY-010068] [Server] CA certificate ca.pem is self signed.
2025-09-16T23:38:52.483266Z 0 [System] [MY-013602] [Server] Channel mysql_main configured to support TLS. Encrypted connections are now supported for this channel.
2025-09-16T23:38:52.571128Z 0 [System] [MY-011323] [Server] X Plugin ready for connections. Bind-address: '::' port: 33060
2025-09-16T23:38:52.571251Z 0 [System] [MY-010931] [Server] C:\Users\Descon\Pictures\USBWebServer/mysql/bin/mysqld_usbwv8.exe: ready for connections. Version: '8.0.41'  socket: ''  port: 3306  MySQL Community Server - GPL.
2025-09-16T23:39:36.342531Z 8 [Warning] [MY-013360] [Server] Plugin mysql_native_password reported: ''mysql_native_password' is deprecated and will be removed in a future release. Please use caching_sha2_password instead'
